<?xml version="1.0" encoding="UTF-8"?>
<!-- Generated by org.testng.reporters.JUnitReportReporter -->
<testsuite hostname="DESKTOP-T42JQOV" failures="0" tests="6" name="com.qc.testng.tests.RegisterTest" time="10.390" errors="0" timestamp="2024-09-08T13:44:24 IST" skipped="0">
  <testcase classname="com.qc.testng.tests.RegisterTest" name="doRegister" time="1.776"/>
  <system-out/>
  <testcase classname="com.qc.testng.tests.RegisterTest" name="doRegister" time="1.534"/>
  <system-out/>
  <testcase classname="com.qc.testng.tests.RegisterTest" name="doRegister" time="1.609"/>
  <system-out/>
  <testcase classname="com.qc.testng.tests.RegisterTest" name="doRegister" time="1.886"/>
  <system-out/>
  <testcase classname="com.qc.testng.tests.RegisterTest" name="doRegister" time="1.900"/>
  <system-out/>
  <testcase classname="com.qc.testng.tests.RegisterTest" name="doRegister" time="1.685"/>
  <system-out/>
</testsuite> <!-- com.qc.testng.tests.RegisterTest -->
