<?xml version="1.0" encoding="UTF-8"?>
<!-- Generated by org.testng.reporters.JUnitReportReporter -->
<testsuite hostname="DESKTOP-T42JQOV" failures="0" tests="7" name="com.qc.testng.tests.LoginTest" time="10.853" errors="0" timestamp="2024-09-08T13:44:24 IST" skipped="0">
  <testcase classname="com.qc.testng.tests.LoginTest" name="doLogin" time="1.381"/>
  <system-out/>
  <testcase classname="com.qc.testng.tests.LoginTest" name="doLogin" time="1.607"/>
  <system-out/>
  <testcase classname="com.qc.testng.tests.LoginTest" name="doLogin" time="2.119"/>
  <system-out/>
  <testcase classname="com.qc.testng.tests.LoginTest" name="doLogin" time="1.531"/>
  <system-out/>
  <testcase classname="com.qc.testng.tests.LoginTest" name="doLogin" time="1.507"/>
  <system-out/>
  <testcase classname="com.qc.testng.tests.LoginTest" name="doLogin" time="1.338"/>
  <system-out/>
  <testcase classname="com.qc.testng.tests.LoginTest" name="doLogin" time="1.370"/>
  <system-out/>
</testsuite> <!-- com.qc.testng.tests.LoginTest -->
